<?xml version="1.0" encoding="UTF-8"?>
<!-- Generated by org.testng.reporters.JUnitReportReporter -->
<testsuite hostname="IN-3718NQ3" failures="0" tests="2" name="maven_testng.maventest.NewTest" time="64.047" errors="0" timestamp="2024-09-16T22:56:24 IST" skipped="0">
  <testcase classname="maven_testng.maventest.NewTest" name="Test_1" time="38.881"/>
  <system-out/>
  <testcase classname="maven_testng.maventest.NewTest" name="a" time="25.166"/>
  <system-out/>
</testsuite> <!-- maven_testng.maventest.NewTest -->
