<?xml version="1.0" encoding="UTF-8"?>
<!-- Generated by org.testng.reporters.JUnitReportReporter -->
<testsuite hostname="IN-3718NQ3" failures="0" tests="1" name="testcase.Login_Page" time="53.168" errors="0" timestamp="2024-10-16T17:15:47 IST" skipped="0">
  <testcase classname="testcase.Login_Page" name="TC_03" time="53.168"/>
  <system-out/>
</testsuite> <!-- testcase.Login_Page -->
