<?xml version="1.0" encoding="UTF-8"?>
<!-- Generated by org.testng.reporters.JUnitReportReporter -->
<testsuite hostname="IN-3718NQ3" failures="0" tests="1" name="testcase.ODS_test" time="41.501" errors="0" timestamp="2024-11-27T17:12:39 IST" skipped="0">
  <testcase classname="testcase.ODS_test" name="TC_ODS_14" time="41.501"/>
</testsuite> <!-- testcase.ODS_test -->
