<?xml version="1.0" encoding="UTF-8"?>
<!-- Generated by org.testng.reporters.JUnitReportReporter -->
<testsuite hostname="IN-3718NQ3" failures="0" tests="1" name="testcase.ODS_test" time="40.251" errors="0" timestamp="2024-12-03T23:49:56 IST" skipped="0">
  <testcase classname="testcase.ODS_test" name="TC_ODS_20" time="40.251"/>
</testsuite> <!-- testcase.ODS_test -->
